2025-11-23 21:53:00 | DEBUG | repo=Image-Galery | action=pull
2025-11-06 13:56:00 | INFO | repo=Image-Galery | action=commit
2025-03-24 15:09:00 | DEBUG | repo=Image-Galery | action=test | passed=true
2025-11-20 17:27:00 | WARN | repo=Image-Galery | action=commit
2025-01-02 15:42:00 | INFO | repo=Image-Galery | action=commit
2025-09-05 20:19:00 | WARN | repo=Image-Galery | action=test | passed=true
2025-05-14 19:27:00 | INFO | repo=Image-Galery | action=commit
2025-09-04 07:50:00 | INFO | repo=Image-Galery | action=edit | files=1
2025-01-18 14:45:00 | WARN | repo=Image-Galery | action=commit
2025-01-27 13:21:00 | INFO | repo=Image-Galery | action=commit
2025-04-26 08:22:00 | WARN | repo=Image-Galery | action=commit
2025-10-15 12:55:00 | INFO | repo=Image-Galery | action=pull
2025-04-27 07:01:00 | INFO | repo=Image-Galery | action=commit
2025-01-26 19:04:00 | DEBUG | repo=Image-Galery | action=commit
2025-03-22 18:27:00 | WARN | repo=Image-Galery | action=pull
2025-07-22 17:21:00 | DEBUG | repo=Image-Galery | action=test | passed=true
2025-04-26 12:07:00 | WARN | repo=Image-Galery | action=commit
2025-12-14 13:49:00 | WARN | repo=Image-Galery | action=edit | files=3
2025-08-02 21:22:00 | DEBUG | repo=Image-Galery | action=test | passed=true
2025-04-06 08:07:00 | INFO | repo=Image-Galery | action=commit
2025-04-25 21:34:00 | WARN | repo=Image-Galery | action=pull
2025-07-27 21:39:00 | INFO | repo=Image-Galery | action=commit
2025-08-12 18:08:00 | WARN | repo=Image-Galery | action=commit
2025-05-08 07:15:00 | DEBUG | repo=Image-Galery | action=commit
2025-09-08 09:50:00 | INFO | repo=Image-Galery | action=commit
2025-09-15 07:48:00 | DEBUG | repo=Image-Galery | action=commit
2025-06-22 17:33:00 | DEBUG | repo=Image-Galery | action=edit | files=2
2025-01-24 08:02:00 | DEBUG | repo=Image-Galery | action=commit
